app/build/intermediates/manifest_merge_blame_file/debug/manifest-merger-blame-debug-report.txt
1<?xml version="1.0" encoding="utf-8"?>
2<manifest xmlns:android="http://schemas.android.com/apk/res/android"
3    package="com.siap.GeoSegalmex"
4    android:versionCode="2"
5    android:versionName="1.7.20.1" >
6
7    <uses-sdk
8        android:minSdkVersion="21"
8-->src\main\AndroidManifest.xml
9        android:targetSdkVersion="30" />
9-->src\main\AndroidManifest.xml
10
11    <uses-permission android:name="android.permission.WRITE_EXTERNAL_STORAGE" />
11-->src\main\AndroidManifest.xml:5:5-81
11-->src\main\AndroidManifest.xml:5:22-78
12    <uses-permission android:name="android.permission.ACCESS_NETWORK_STATE" />
12-->src\main\AndroidManifest.xml:6:5-79
12-->src\main\AndroidManifest.xml:6:22-76
13    <uses-permission android:name="android.permission.ACCESS_COARSE_LOCATION" />
13-->src\main\AndroidManifest.xml:7:5-81
13-->src\main\AndroidManifest.xml:7:22-78
14    <uses-permission android:name="android.permission.ACCESS_FINE_LOCATION" />
14-->src\main\AndroidManifest.xml:8:5-79
14-->src\main\AndroidManifest.xml:8:22-76
15    <uses-permission android:name="android.permission.INTERNET" />
15-->src\main\AndroidManifest.xml:9:5-67
15-->src\main\AndroidManifest.xml:9:22-64
16
17    <uses-feature
17-->src\main\AndroidManifest.xml:11:5-13:35
18        android:name="android.hardware.camera"
18-->src\main\AndroidManifest.xml:12:9-47
19        android:required="true" />
19-->src\main\AndroidManifest.xml:13:9-32
20
21    <uses-permission android:name="android.permission.READ_EXTERNAL_STORAGE" />
21-->src\main\AndroidManifest.xml:15:5-80
21-->src\main\AndroidManifest.xml:15:22-77
22
23    <uses-feature
23-->[com.google.android.gms:play-services-maps:17.0.0] AndroidManifest.xml:26:5-28:35
24        android:glEsVersion="0x00020000"
24-->[com.google.android.gms:play-services-maps:17.0.0] AndroidManifest.xml:27:9-41
25        android:required="true" />
25-->[com.google.android.gms:play-services-maps:17.0.0] AndroidManifest.xml:28:9-32
26
27    <application
27-->src\main\AndroidManifest.xml:17:5-239:19
28        android:allowBackup="true"
28-->src\main\AndroidManifest.xml:18:9-35
29        android:appComponentFactory="androidx.core.app.CoreComponentFactory"
29-->[androidx.core:core:1.3.0] AndroidManifest.xml:24:18-86
30        android:debuggable="true"
31        android:icon="@mipmap/icononor2"
31-->src\main\AndroidManifest.xml:19:9-41
32        android:label="GEOSEGALMEX"
32-->src\main\AndroidManifest.xml:20:9-36
33        android:requestLegacyExternalStorage="true"
33-->src\main\AndroidManifest.xml:21:9-52
34        android:roundIcon="@mipmap/icononor2"
34-->src\main\AndroidManifest.xml:22:9-46
35        android:supportsRtl="true"
35-->src\main\AndroidManifest.xml:23:9-35
36        android:testOnly="true"
37        android:theme="@style/AppTheme"
37-->src\main\AndroidManifest.xml:24:9-40
38        android:usesCleartextTraffic="true" >
38-->src\main\AndroidManifest.xml:25:9-44
39        <activity
39-->src\main\AndroidManifest.xml:26:9-28:40
40            android:name="com.example.geosegalmex.Infra_Porcino.Porcino"
40-->src\main\AndroidManifest.xml:27:13-50
41            android:exported="false" />
41-->src\main\AndroidManifest.xml:28:13-37
42        <activity
42-->src\main\AndroidManifest.xml:29:9-31:40
43            android:name="com.example.geosegalmex.Infra_Sacrificio.Sacrificio_1"
43-->src\main\AndroidManifest.xml:30:13-58
44            android:exported="false" />
44-->src\main\AndroidManifest.xml:31:13-37
45        <activity
45-->src\main\AndroidManifest.xml:32:9-34:40
46            android:name="com.example.geosegalmex.Infra_Engorda.Engorda"
46-->src\main\AndroidManifest.xml:33:13-50
47            android:exported="false" />
47-->src\main\AndroidManifest.xml:34:13-37
48        <activity
48-->src\main\AndroidManifest.xml:35:9-38:52
49            android:name="com.example.geosegalmex.Firma"
49-->src\main\AndroidManifest.xml:36:13-34
50            android:exported="false"
50-->src\main\AndroidManifest.xml:37:13-37
51            android:screenOrientation="portrait" />
51-->src\main\AndroidManifest.xml:38:13-49
52        <activity
52-->src\main\AndroidManifest.xml:39:9-41:40
53            android:name="com.example.geosegalmex.PGBeneficiariosGranosIncentivos.PGBeneficiariosGranosIncentivos"
53-->src\main\AndroidManifest.xml:40:13-92
54            android:exported="false" />
54-->src\main\AndroidManifest.xml:41:13-37
55        <activity
55-->src\main\AndroidManifest.xml:42:9-45:52
56            android:name="com.example.geosegalmex.Liconsa2.LiconsaVerificacion"
56-->src\main\AndroidManifest.xml:43:13-57
57            android:exported="false"
57-->src\main\AndroidManifest.xml:44:13-37
58            android:screenOrientation="portrait" />
58-->src\main\AndroidManifest.xml:45:13-49
59        <activity
59-->src\main\AndroidManifest.xml:46:9-49:52
60            android:name="com.example.geosegalmex.PGBeneficiarioLeche.PGBeneficiarioLeche"
60-->src\main\AndroidManifest.xml:47:13-68
61            android:exported="false"
61-->src\main\AndroidManifest.xml:48:13-37
62            android:screenOrientation="portrait" />
62-->src\main\AndroidManifest.xml:49:13-49
63        <activity
63-->src\main\AndroidManifest.xml:50:9-53:52
64            android:name="com.example.geosegalmex.PGOperativoLeche.PGOperativoLeche"
64-->src\main\AndroidManifest.xml:51:13-62
65            android:exported="false"
65-->src\main\AndroidManifest.xml:52:13-37
66            android:screenOrientation="portrait" />
66-->src\main\AndroidManifest.xml:53:13-49
67        <activity
67-->src\main\AndroidManifest.xml:54:9-57:52
68            android:name="com.example.geosegalmex.PGOperativoGranos.PGOperativoGranos"
68-->src\main\AndroidManifest.xml:55:13-64
69            android:exported="false"
69-->src\main\AndroidManifest.xml:56:13-37
70            android:screenOrientation="portrait" />
70-->src\main\AndroidManifest.xml:57:13-49
71        <activity
71-->src\main\AndroidManifest.xml:58:9-61:52
72            android:name="com.example.geosegalmex.Liconsa.Liconsa"
72-->src\main\AndroidManifest.xml:59:13-44
73            android:exported="true"
73-->src\main\AndroidManifest.xml:60:13-36
74            android:screenOrientation="portrait" />
74-->src\main\AndroidManifest.xml:61:13-49
75        <activity
75-->src\main\AndroidManifest.xml:62:9-65:52
76            android:name="com.example.geosegalmex.PAROperativo.PAR_Operativo"
76-->src\main\AndroidManifest.xml:63:13-55
77            android:exported="true"
77-->src\main\AndroidManifest.xml:64:13-36
78            android:screenOrientation="portrait" />
78-->src\main\AndroidManifest.xml:65:13-49
79        <activity
79-->src\main\AndroidManifest.xml:66:9-69:52
80            android:name="com.example.geosegalmex.PGBeneficiarioGranos.PGBeneficiariosGranos"
80-->src\main\AndroidManifest.xml:67:13-71
81            android:exported="true"
81-->src\main\AndroidManifest.xml:68:13-36
82            android:screenOrientation="portrait" />
82-->src\main\AndroidManifest.xml:69:13-49
83        <activity
83-->src\main\AndroidManifest.xml:70:9-73:52
84            android:name="com.example.geosegalmex.PGOperativoEstimulos.PGOperativoEstimulos"
84-->src\main\AndroidManifest.xml:71:13-70
85            android:exported="true"
85-->src\main\AndroidManifest.xml:72:13-36
86            android:screenOrientation="portrait" />
86-->src\main\AndroidManifest.xml:73:13-49
87        <activity
87-->src\main\AndroidManifest.xml:74:9-77:52
88            android:name="com.example.geosegalmex.PARBeneficiario.PARBeneficiario"
88-->src\main\AndroidManifest.xml:75:13-60
89            android:exported="true"
89-->src\main\AndroidManifest.xml:76:13-36
90            android:screenOrientation="portrait" />
90-->src\main\AndroidManifest.xml:77:13-49
91        <activity
91-->src\main\AndroidManifest.xml:78:9-81:52
92            android:name="com.example.geosegalmex.LiconsaBeneficiario.PASLBeneficiario"
92-->src\main\AndroidManifest.xml:79:13-65
93            android:exported="true"
93-->src\main\AndroidManifest.xml:80:13-36
94            android:screenOrientation="portrait" />
94-->src\main\AndroidManifest.xml:81:13-49
95        <activity
95-->src\main\AndroidManifest.xml:82:9-85:52
96            android:name="com.example.geosegalmex.LiconsaVentanilla.PASLOperativo"
96-->src\main\AndroidManifest.xml:83:13-60
97            android:exported="true"
97-->src\main\AndroidManifest.xml:84:13-36
98            android:screenOrientation="portrait" />
98-->src\main\AndroidManifest.xml:85:13-49
99        <activity
99-->src\main\AndroidManifest.xml:86:9-88:52
100            android:name="com.example.geosegalmex.NewCamara"
100-->src\main\AndroidManifest.xml:87:13-38
101            android:screenOrientation="portrait" />
101-->src\main\AndroidManifest.xml:88:13-49
102        <activity android:name="com.example.geosegalmex.apicola.HerramientasProteccion" />
102-->src\main\AndroidManifest.xml:89:9-68
102-->src\main\AndroidManifest.xml:89:19-65
103        <activity android:name="com.example.geosegalmex.unidadcomercializacion.Apicultura_4" />
103-->src\main\AndroidManifest.xml:90:9-73
103-->src\main\AndroidManifest.xml:90:19-70
104        <activity android:name="com.example.geosegalmex.unidadcomercializacion.Apicultura_3" />
104-->src\main\AndroidManifest.xml:91:9-73
104-->src\main\AndroidManifest.xml:91:19-70
105        <activity android:name="com.example.geosegalmex.unidadcomercializacion.Apicultura_2" />
105-->src\main\AndroidManifest.xml:92:9-73
105-->src\main\AndroidManifest.xml:92:19-70
106        <activity android:name="com.example.geosegalmex.unidadcomercializacion.Apicultura_1" />
106-->src\main\AndroidManifest.xml:93:9-73
106-->src\main\AndroidManifest.xml:93:19-70
107        <activity android:name="com.example.geosegalmex.frutales.frutales_4_0" />
107-->src\main\AndroidManifest.xml:94:9-59
107-->src\main\AndroidManifest.xml:94:19-56
108        <activity android:name="com.example.geosegalmex.unidadcomercializacion.comercializacion_3_1" />
108-->src\main\AndroidManifest.xml:95:9-81
108-->src\main\AndroidManifest.xml:95:19-78
109        <activity android:name="com.example.geosegalmex.caracterizacion.variables_caracterizacion.CalendarioDate" />
109-->src\main\AndroidManifest.xml:96:9-94
109-->src\main\AndroidManifest.xml:96:19-91
110        <activity android:name="com.example.geosegalmex.unidadproduccion.FuenteAgua" />
110-->src\main\AndroidManifest.xml:97:9-65
110-->src\main\AndroidManifest.xml:97:19-62
111        <activity
111-->src\main\AndroidManifest.xml:98:9-100:52
112            android:name="com.example.geosegalmex.Gps.GpsEnableb"
112-->src\main\AndroidManifest.xml:99:13-43
113            android:screenOrientation="portrait" />
113-->src\main\AndroidManifest.xml:100:13-49
114        <activity android:name="com.example.geosegalmex.unidadcaracterizacionhortalizas.FertilizanteSi" />
114-->src\main\AndroidManifest.xml:101:9-84
114-->src\main\AndroidManifest.xml:101:19-81
115        <activity android:name="com.example.geosegalmex.apicola.SanidadApicola" />
115-->src\main\AndroidManifest.xml:102:9-60
115-->src\main\AndroidManifest.xml:102:19-57
116        <activity android:name="com.example.geosegalmex.apicola.ReproduccionApicola" />
116-->src\main\AndroidManifest.xml:103:9-65
116-->src\main\AndroidManifest.xml:103:19-62
117        <activity android:name="com.example.geosegalmex.apicola.ManejoApicola" />
117-->src\main\AndroidManifest.xml:104:9-59
117-->src\main\AndroidManifest.xml:104:19-56
118        <activity android:name="com.example.geosegalmex.apicola.EnfermedadesCambioPanales" />
118-->src\main\AndroidManifest.xml:105:9-71
118-->src\main\AndroidManifest.xml:105:19-68
119        <activity android:name="com.example.geosegalmex.apicola.CosechaApicola" />
119-->src\main\AndroidManifest.xml:106:9-60
119-->src\main\AndroidManifest.xml:106:19-57
120        <activity android:name="com.example.geosegalmex.apicola.CapacitacionAsistenciaApicola" />
120-->src\main\AndroidManifest.xml:107:9-75
120-->src\main\AndroidManifest.xml:107:19-72
121        <activity android:name="com.example.geosegalmex.apicola.AspectosProductivosApicola" />
121-->src\main\AndroidManifest.xml:108:9-72
121-->src\main\AndroidManifest.xml:108:19-69
122        <activity android:name="com.example.geosegalmex.apicola.AlimentacionApicola" />
122-->src\main\AndroidManifest.xml:109:9-65
122-->src\main\AndroidManifest.xml:109:19-62
123        <activity android:name="com.example.geosegalmex.apicola.ApicolaInicio" />
123-->src\main\AndroidManifest.xml:110:9-59
123-->src\main\AndroidManifest.xml:110:19-56
124        <activity android:name="com.example.geosegalmex.unidadcomercializacion.comercializacion_8" />
124-->src\main\AndroidManifest.xml:111:9-79
124-->src\main\AndroidManifest.xml:111:19-76
125        <activity android:name="com.example.geosegalmex.unidadcomercializacion.comercializacion_7" />
125-->src\main\AndroidManifest.xml:112:9-79
125-->src\main\AndroidManifest.xml:112:19-76
126        <activity android:name="com.example.geosegalmex.unidadcomercializacion.comercializacion_6" />
126-->src\main\AndroidManifest.xml:113:9-79
126-->src\main\AndroidManifest.xml:113:19-76
127        <activity android:name="com.example.geosegalmex.unidadcomercializacion.comercializacion_5" />
127-->src\main\AndroidManifest.xml:114:9-79
127-->src\main\AndroidManifest.xml:114:19-76
128        <activity android:name="com.example.geosegalmex.unidadcomercializacion.comercializacion_4" />
128-->src\main\AndroidManifest.xml:115:9-79
128-->src\main\AndroidManifest.xml:115:19-76
129        <activity android:name="com.example.geosegalmex.unidadcomercializacion.comercializacion_3" />
129-->src\main\AndroidManifest.xml:116:9-79
129-->src\main\AndroidManifest.xml:116:19-76
130        <activity android:name="com.example.geosegalmex.unidadcomercializacion.comercializacion_2" />
130-->src\main\AndroidManifest.xml:117:9-79
130-->src\main\AndroidManifest.xml:117:19-76
131        <activity android:name="com.example.geosegalmex.unidadcomercializacion.comercializacion_1" />
131-->src\main\AndroidManifest.xml:118:9-79
131-->src\main\AndroidManifest.xml:118:19-76
132        <activity android:name="com.example.geosegalmex.Productor.ProductorInfo" />
132-->src\main\AndroidManifest.xml:119:9-61
132-->src\main\AndroidManifest.xml:119:19-58
133        <activity android:name="com.example.geosegalmex.Productor.ProductorEconom" />
133-->src\main\AndroidManifest.xml:120:9-63
133-->src\main\AndroidManifest.xml:120:19-60
134        <activity android:name="com.example.geosegalmex.Productor.IntegranteFamilia" />
134-->src\main\AndroidManifest.xml:121:9-65
134-->src\main\AndroidManifest.xml:121:19-62
135        <activity android:name="com.example.geosegalmex.Productor.ProductorFamilia" />
135-->src\main\AndroidManifest.xml:122:9-64
135-->src\main\AndroidManifest.xml:122:19-61
136        <activity android:name="com.example.geosegalmex.infraestructura_1" />
136-->src\main\AndroidManifest.xml:123:9-55
136-->src\main\AndroidManifest.xml:123:19-52
137        <activity android:name="com.example.geosegalmex.frutales.frutales_14" />
137-->src\main\AndroidManifest.xml:124:9-58
137-->src\main\AndroidManifest.xml:124:19-55
138        <activity android:name="com.example.geosegalmex.frutales.frutales_13" />
138-->src\main\AndroidManifest.xml:125:9-58
138-->src\main\AndroidManifest.xml:125:19-55
139        <activity android:name="com.example.geosegalmex.frutales.frutales_12" />
139-->src\main\AndroidManifest.xml:126:9-58
139-->src\main\AndroidManifest.xml:126:19-55
140        <activity android:name="com.example.geosegalmex.frutales.frutales_11" />
140-->src\main\AndroidManifest.xml:127:9-58
140-->src\main\AndroidManifest.xml:127:19-55
141        <activity android:name="com.example.geosegalmex.frutales.frutales_10" />
141-->src\main\AndroidManifest.xml:128:9-58
141-->src\main\AndroidManifest.xml:128:19-55
142        <activity android:name="com.example.geosegalmex.frutales.frutales_9" />
142-->src\main\AndroidManifest.xml:129:9-57
142-->src\main\AndroidManifest.xml:129:19-54
143        <activity android:name="com.example.geosegalmex.frutales.frutales_8" />
143-->src\main\AndroidManifest.xml:130:9-57
143-->src\main\AndroidManifest.xml:130:19-54
144        <activity android:name="com.example.geosegalmex.frutales.frutales_7" />
144-->src\main\AndroidManifest.xml:131:9-57
144-->src\main\AndroidManifest.xml:131:19-54
145        <activity android:name="com.example.geosegalmex.frutales.frutales_6" />
145-->src\main\AndroidManifest.xml:132:9-57
145-->src\main\AndroidManifest.xml:132:19-54
146        <activity android:name="com.example.geosegalmex.frutales.frutales_5" />
146-->src\main\AndroidManifest.xml:133:9-57
146-->src\main\AndroidManifest.xml:133:19-54
147        <activity android:name="com.example.geosegalmex.frutales.frutales_4" />
147-->src\main\AndroidManifest.xml:134:9-57
147-->src\main\AndroidManifest.xml:134:19-54
148        <activity android:name="com.example.geosegalmex.frutales.frutales_3" />
148-->src\main\AndroidManifest.xml:135:9-57
148-->src\main\AndroidManifest.xml:135:19-54
149        <activity android:name="com.example.geosegalmex.frutales.frutales_2" />
149-->src\main\AndroidManifest.xml:136:9-57
149-->src\main\AndroidManifest.xml:136:19-54
150        <activity android:name="com.example.geosegalmex.frutales.frutales_1" />
150-->src\main\AndroidManifest.xml:137:9-57
150-->src\main\AndroidManifest.xml:137:19-54
151        <activity android:name="com.example.geosegalmex.unidadcaracterizacionhortalizas.date.CalendarioActivity" />
151-->src\main\AndroidManifest.xml:138:9-93
151-->src\main\AndroidManifest.xml:138:19-90
152        <activity android:name="com.example.geosegalmex.unidadcaracterizacionhortalizas.TiempoRiego" />
152-->src\main\AndroidManifest.xml:139:9-81
152-->src\main\AndroidManifest.xml:139:19-78
153        <activity android:name="com.example.geosegalmex.unidadcaracterizacionhortalizas.PostCosecha" />
153-->src\main\AndroidManifest.xml:140:9-81
153-->src\main\AndroidManifest.xml:140:19-78
154        <activity android:name="com.example.geosegalmex.unidadcaracterizacionhortalizas.Nutricion" />
154-->src\main\AndroidManifest.xml:141:9-79
154-->src\main\AndroidManifest.xml:141:19-76
155        <activity android:name="com.example.geosegalmex.unidadcaracterizacionhortalizas.HortalizasPvunoD" />
155-->src\main\AndroidManifest.xml:142:9-86
155-->src\main\AndroidManifest.xml:142:19-83
156        <activity android:name="com.example.geosegalmex.unidadcaracterizacionhortalizas.HortalizasPvunoC" />
156-->src\main\AndroidManifest.xml:143:9-86
156-->src\main\AndroidManifest.xml:143:19-83
157        <activity android:name="com.example.geosegalmex.unidadcaracterizacionhortalizas.HortalizasPvunob" />
157-->src\main\AndroidManifest.xml:144:9-86
157-->src\main\AndroidManifest.xml:144:19-83
158        <activity android:name="com.example.geosegalmex.unidadcaracterizacionhortalizas.HortalizasPVuno" />
158-->src\main\AndroidManifest.xml:145:9-85
158-->src\main\AndroidManifest.xml:145:19-82
159        <activity android:name="com.example.geosegalmex.unidadcaracterizacionhortalizas.FoliarRiego" />
159-->src\main\AndroidManifest.xml:146:9-81
159-->src\main\AndroidManifest.xml:146:19-78
160        <activity android:name="com.example.geosegalmex.unidadcaracterizacionhortalizas.CosechaB" />
160-->src\main\AndroidManifest.xml:147:9-78
160-->src\main\AndroidManifest.xml:147:19-75
161        <activity android:name="com.example.geosegalmex.unidadcaracterizacionhortalizas.Cosecha" />
161-->src\main\AndroidManifest.xml:148:9-77
161-->src\main\AndroidManifest.xml:148:19-74
162        <activity android:name="com.example.geosegalmex.unidadcaracterizacionhortalizas.ControlPlagasEnfermC" />
162-->src\main\AndroidManifest.xml:149:9-90
162-->src\main\AndroidManifest.xml:149:19-87
163        <activity android:name="com.example.geosegalmex.unidadcaracterizacionhortalizas.ControlPlagasEnfermB" />
163-->src\main\AndroidManifest.xml:150:9-90
163-->src\main\AndroidManifest.xml:150:19-87
164        <activity android:name="com.example.geosegalmex.unidadcaracterizacionhortalizas.ControlPlagasEnferm" />
164-->src\main\AndroidManifest.xml:151:9-89
164-->src\main\AndroidManifest.xml:151:19-86
165        <activity android:name="com.example.geosegalmex.unidadcaracterizacionhortalizas.ControlMalezas" />
165-->src\main\AndroidManifest.xml:152:9-84
165-->src\main\AndroidManifest.xml:152:19-81
166        <activity android:name="com.example.geosegalmex.unidadcaracterizacionhortalizas.hortalizas" />
166-->src\main\AndroidManifest.xml:153:9-80
166-->src\main\AndroidManifest.xml:153:19-77
167        <activity android:name="com.example.geosegalmex.caracterizacion.ciclo_caracterizacion12" />
167-->src\main\AndroidManifest.xml:154:9-77
167-->src\main\AndroidManifest.xml:154:19-74
168        <activity android:name="com.example.geosegalmex.caracterizacion.ciclo_caracterizacion11" />
168-->src\main\AndroidManifest.xml:155:9-77
168-->src\main\AndroidManifest.xml:155:19-74
169        <activity android:name="com.example.geosegalmex.caracterizacion.ciclo_caracterizacion10" />
169-->src\main\AndroidManifest.xml:156:9-77
169-->src\main\AndroidManifest.xml:156:19-74
170        <activity android:name="com.example.geosegalmex.caracterizacion.ciclo_caracterizacion9" />
170-->src\main\AndroidManifest.xml:157:9-76
170-->src\main\AndroidManifest.xml:157:19-73
171        <activity android:name="com.example.geosegalmex.caracterizacion.ciclo_caracterizacion8" />
171-->src\main\AndroidManifest.xml:158:9-76
171-->src\main\AndroidManifest.xml:158:19-73
172        <activity android:name="com.example.geosegalmex.caracterizacion.ciclo_caracterizacion7" />
172-->src\main\AndroidManifest.xml:159:9-76
172-->src\main\AndroidManifest.xml:159:19-73
173        <activity android:name="com.example.geosegalmex.caracterizacion.ciclo_caracterizacion6" />
173-->src\main\AndroidManifest.xml:160:9-76
173-->src\main\AndroidManifest.xml:160:19-73
174        <activity android:name="com.example.geosegalmex.caracterizacion.ciclo_caracterizacion_tabla" />
174-->src\main\AndroidManifest.xml:161:9-81
174-->src\main\AndroidManifest.xml:161:19-78
175        <activity android:name="com.example.geosegalmex.caracterizacion.ciclo_caracterizacion5" />
175-->src\main\AndroidManifest.xml:162:9-76
175-->src\main\AndroidManifest.xml:162:19-73
176        <activity android:name="com.example.geosegalmex.caracterizacion.ciclo_caracterizacion4" />
176-->src\main\AndroidManifest.xml:163:9-76
176-->src\main\AndroidManifest.xml:163:19-73
177        <activity android:name="com.example.geosegalmex.caracterizacion.ciclo_caracterizacion2" />
177-->src\main\AndroidManifest.xml:164:9-76
177-->src\main\AndroidManifest.xml:164:19-73
178        <activity android:name="com.example.geosegalmex.caracterizacion.ciclo_caracterizacion" />
178-->src\main\AndroidManifest.xml:165:9-75
178-->src\main\AndroidManifest.xml:165:19-72
179        <activity android:name="com.example.geosegalmex.caracterizacion.ciclo_carac" />
179-->src\main\AndroidManifest.xml:166:9-65
179-->src\main\AndroidManifest.xml:166:19-62
180        <activity android:name="com.example.geosegalmex.unidadproduccion.ModalidadHidrica" />
180-->src\main\AndroidManifest.xml:167:9-71
180-->src\main\AndroidManifest.xml:167:19-68
181        <activity android:name="com.example.geosegalmex.unidadproduccion.TenenciaTierra" />
181-->src\main\AndroidManifest.xml:168:9-69
181-->src\main\AndroidManifest.xml:168:19-66
182        <activity android:name="com.example.geosegalmex.unidadproduccion.TiposAlimentosTres" />
182-->src\main\AndroidManifest.xml:169:9-73
182-->src\main\AndroidManifest.xml:169:19-70
183        <activity android:name="com.example.geosegalmex.unidadproduccion.TiposAlimentosDos" />
183-->src\main\AndroidManifest.xml:170:9-72
183-->src\main\AndroidManifest.xml:170:19-69
184        <activity android:name="com.example.geosegalmex.unidadproduccion.TiposAlimentos" />
184-->src\main\AndroidManifest.xml:171:9-69
184-->src\main\AndroidManifest.xml:171:19-66
185        <activity android:name="com.example.geosegalmex.unidadproduccion.ProduccionAcuicola" />
185-->src\main\AndroidManifest.xml:172:9-73
185-->src\main\AndroidManifest.xml:172:19-70
186        <activity android:name="com.example.geosegalmex.unidadproduccion.ProduccionForestal" />
186-->src\main\AndroidManifest.xml:173:9-73
186-->src\main\AndroidManifest.xml:173:19-70
187        <activity android:name="com.example.geosegalmex.unidadproduccion.ProduccionPecuaria" />
187-->src\main\AndroidManifest.xml:174:9-73
187-->src\main\AndroidManifest.xml:174:19-70
188        <activity android:name="com.example.geosegalmex.unidadproduccion.ProduccionAgricola" />
188-->src\main\AndroidManifest.xml:175:9-73
188-->src\main\AndroidManifest.xml:175:19-70
189        <activity android:name="com.example.geosegalmex.unidadproduccion.UnidadProduccion" />
189-->src\main\AndroidManifest.xml:176:9-71
189-->src\main\AndroidManifest.xml:176:19-68
190        <activity android:name="com.example.geosegalmex.Pecuario.EstructuraDelHato" />
190-->src\main\AndroidManifest.xml:177:9-64
190-->src\main\AndroidManifest.xml:177:19-61
191        <activity android:name="com.example.geosegalmex.Pecuario.InventarioGanadoOvino" />
191-->src\main\AndroidManifest.xml:178:9-68
191-->src\main\AndroidManifest.xml:178:19-65
192        <activity android:name="com.example.geosegalmex.Pecuario.InventarioGanBovinoLeche" />
192-->src\main\AndroidManifest.xml:179:9-71
192-->src\main\AndroidManifest.xml:179:19-68
193        <activity android:name="com.example.geosegalmex.Pecuario.InventarioGanCaprino" />
193-->src\main\AndroidManifest.xml:180:9-67
193-->src\main\AndroidManifest.xml:180:19-64
194        <activity android:name="com.example.geosegalmex.Pecuario.ManejoSanitarioOrdenia" />
194-->src\main\AndroidManifest.xml:181:9-69
194-->src\main\AndroidManifest.xml:181:19-66
195        <activity android:name="com.example.geosegalmex.Pecuario.PecuarioAgregarAlimentos" />
195-->src\main\AndroidManifest.xml:182:9-71
195-->src\main\AndroidManifest.xml:182:19-68
196        <activity android:name="com.example.geosegalmex.Pecuario.PecuarioAlimentacionGanado" />
196-->src\main\AndroidManifest.xml:183:9-73
196-->src\main\AndroidManifest.xml:183:19-70
197        <activity android:name="com.example.geosegalmex.Pecuario.PecuarioCaprinos" />
197-->src\main\AndroidManifest.xml:184:9-63
197-->src\main\AndroidManifest.xml:184:19-60
198        <activity android:name="com.example.geosegalmex.Pecuario.PecuarioComposicDietaOvinosCaprinos" />
198-->src\main\AndroidManifest.xml:185:9-82
198-->src\main\AndroidManifest.xml:185:19-79
199        <activity android:name="com.example.geosegalmex.Pecuario.PecuarioDietaOvinosCaprinosAlimentos" />
199-->src\main\AndroidManifest.xml:186:9-83
199-->src\main\AndroidManifest.xml:186:19-80
200        <activity android:name="com.example.geosegalmex.Pecuario.PecuarioEventosUnidadProduccion" />
200-->src\main\AndroidManifest.xml:187:9-78
200-->src\main\AndroidManifest.xml:187:19-75
201        <activity android:name="com.example.geosegalmex.Pecuario.PecuarioInicio" />
201-->src\main\AndroidManifest.xml:188:9-61
201-->src\main\AndroidManifest.xml:188:19-58
202        <activity android:name="com.example.geosegalmex.Pecuario.PecuarioManejoAgostadero" />
202-->src\main\AndroidManifest.xml:189:9-71
202-->src\main\AndroidManifest.xml:189:19-68
203        <activity android:name="com.example.geosegalmex.Pecuario.PecuarioManejoSanGanado" />
203-->src\main\AndroidManifest.xml:190:9-70
203-->src\main\AndroidManifest.xml:190:19-67
204        <activity android:name="com.example.geosegalmex.Pecuario.PecuarioOvinos" />
204-->src\main\AndroidManifest.xml:191:9-61
204-->src\main\AndroidManifest.xml:191:19-58
205        <activity android:name="com.example.geosegalmex.Pecuario.PecuarioParamProdReproductivos" />
205-->src\main\AndroidManifest.xml:192:9-77
205-->src\main\AndroidManifest.xml:192:19-74
206        <activity android:name="com.example.geosegalmex.Pecuario.PecuarioReproduccionGenetica" />
206-->src\main\AndroidManifest.xml:193:9-75
206-->src\main\AndroidManifest.xml:193:19-72
207        <activity android:name="com.example.geosegalmex.Gps.GpsTrayectoria" />
207-->src\main\AndroidManifest.xml:194:9-56
207-->src\main\AndroidManifest.xml:194:19-53
208        <activity android:name="com.example.geosegalmex.Gps.GpsActivity" />
208-->src\main\AndroidManifest.xml:195:9-53
208-->src\main\AndroidManifest.xml:195:19-50
209        <activity
209-->src\main\AndroidManifest.xml:196:9-201:59
210            android:name="com.example.geosegalmex.drawer.DrawerActivity"
210-->src\main\AndroidManifest.xml:197:13-50
211            android:exported="true"
211-->src\main\AndroidManifest.xml:198:13-36
212            android:label="Drawer"
212-->src\main\AndroidManifest.xml:199:13-35
213            android:screenOrientation="portrait"
213-->src\main\AndroidManifest.xml:200:13-49
214            android:theme="@style/AppTheme.NoActionBar" />
214-->src\main\AndroidManifest.xml:201:13-56
215        <activity android:name="com.example.geosegalmex.Georeferencia.GeoreferenciaActivity" />
215-->src\main\AndroidManifest.xml:202:9-73
215-->src\main\AndroidManifest.xml:202:19-70
216        <activity android:name="com.example.geosegalmex.Geo.GeoFotos" />
216-->src\main\AndroidManifest.xml:203:9-50
216-->src\main\AndroidManifest.xml:203:19-47
217        <activity android:name="com.example.geosegalmex.Geo.FotoActivityDos" />
217-->src\main\AndroidManifest.xml:204:9-57
217-->src\main\AndroidManifest.xml:204:19-54
218        <activity android:name="com.example.geosegalmex.Geo.FotoActivityUno" />
218-->src\main\AndroidManifest.xml:205:9-57
218-->src\main\AndroidManifest.xml:205:19-54
219        <activity android:name="com.example.geosegalmex.IdentificacionCuestionario" />
219-->src\main\AndroidManifest.xml:206:9-64
219-->src\main\AndroidManifest.xml:206:19-61
220        <activity
220-->src\main\AndroidManifest.xml:207:9-209:52
221            android:name="com.example.geosegalmex.Segunda"